May 15 23:49:00 SmartIRC.php(481) DEBUG_CHANNELSYNCING: Channel syncing enabled
May 15 23:49:00 unknown(0) DEBUG_MODULES: Acquiring *nickometer*
May 15 23:49:00 SmartIRC.php(1202) DEBUG_ACTIONHANDLER: actionhandler(0) registered
May 15 23:49:00 unknown(0) DEBUG_MODULES: *** init nickometer
May 15 23:49:00 unknown(0) DEBUG_MODULES: Acquiring *faq*
May 15 23:49:00 SmartIRC.php(1202) DEBUG_ACTIONHANDLER: actionhandler(1) registered
May 15 23:49:00 SmartIRC.php(1202) DEBUG_ACTIONHANDLER: actionhandler(2) registered
May 15 23:49:00 SmartIRC.php(1202) DEBUG_ACTIONHANDLER: actionhandler(3) registered
May 15 23:49:00 unknown(0) DEBUG_MODULES: *** init faq
May 15 23:49:00 unknown(0) DEBUG_MODULES: Acquiring *fortune*
May 15 23:49:00 SmartIRC.php(1202) DEBUG_ACTIONHANDLER: actionhandler(4) registered
May 15 23:49:00 unknown(0) DEBUG_MODULES: *** init fortune
May 15 23:49:00 unknown(0) DEBUG_MODULES: Acquiring *google*
May 15 23:49:00 SmartIRC.php(1202) DEBUG_ACTIONHANDLER: actionhandler(5) registered
May 15 23:49:00 unknown(0) DEBUG_MODULES: *** init google
May 15 23:49:00 unknown(0) DEBUG_MODULES: Acquiring *php*
May 15 23:49:00 SmartIRC.php(1202) DEBUG_ACTIONHANDLER: actionhandler(6) registered
May 15 23:49:00 unknown(0) DEBUG_MODULES: *** init php
May 15 23:49:00 unknown(0) DEBUG_MODULES: Acquiring *translate*
May 15 23:49:00 SmartIRC.php(1202) DEBUG_ACTIONHANDLER: actionhandler(7) registered
May 15 23:49:00 unknown(0) DEBUG_MODULES: *** init translate
May 15 23:49:00 unknown(0) DEBUG_MODULES: Acquiring *thesaurus*
May 15 23:49:00 SmartIRC.php(1202) DEBUG_ACTIONHANDLER: actionhandler(8) registered
May 15 23:49:00 unknown(0) DEBUG_MODULES: *** init thesaurus
May 15 23:49:00 unknown(0) DEBUG_MODULES: Acquiring *lulu*
May 15 23:49:00 SmartIRC.php(1202) DEBUG_ACTIONHANDLER: actionhandler(9) registered
May 15 23:49:00 unknown(0) DEBUG_MODULES: *** init translate
May 15 23:49:00 SmartIRC.php(824) DEBUG_CONNECTION: connecting
May 15 23:49:00 SmartIRC.php(829) DEBUG_SOCKET: using real sockets
May 15 23:49:00 SmartIRC.php(858) DEBUG_CONNECTION: connected
May 15 23:49:00 SmartIRC.php(983) DEBUG_CONNECTION: logging in
May 15 23:49:00 SmartIRC.php(1495) DEBUG_IRCMESSAGES: sent: "NICK lulubot7740"
May 15 23:49:00 SmartIRC.php(1495) DEBUG_IRCMESSAGES: sent: "USER LuluBot 0 * :LuluBot $Version$ from SmartIrc 0.5.5 ($Revision: 1.1 $)"
May 15 23:49:00 SmartIRC.php(1202) DEBUG_ACTIONHANDLER: actionhandler(10) registered
May 15 23:49:00 SmartIRC.php(1568) DEBUG_IRCMESSAGES: received: "NOTICE AUTH :*** Looking up your hostname..."
May 15 23:49:00 SmartIRC.php(1972) DEBUG_MESSAGEHANDLER: no method found for "NOTICE" (event_notice)
May 15 23:49:00 SmartIRC.php(1568) DEBUG_IRCMESSAGES: received: "NOTICE AUTH :*** Checking ident"
May 15 23:49:00 SmartIRC.php(1972) DEBUG_MESSAGEHANDLER: no method found for "NOTICE" (event_notice)
May 15 23:49:00 SmartIRC.php(1568) DEBUG_IRCMESSAGES: received: "NOTICE AUTH :*** Found your hostname"
May 15 23:49:00 SmartIRC.php(1972) DEBUG_MESSAGEHANDLER: no method found for "NOTICE" (event_notice)
May 15 23:49:30 SmartIRC.php(1568) DEBUG_IRCMESSAGES: received: "NOTICE AUTH :*** No identd (auth) response"
May 15 23:49:30 SmartIRC.php(1972) DEBUG_MESSAGEHANDLER: no method found for "NOTICE" (event_notice)
May 15 23:49:31 SmartIRC.php(1568) DEBUG_IRCMESSAGES: received: ":sterling.freenode.net 001 lulubot7740 :Welcome to the freenode IRC Network lulubot7740"
May 15 23:49:31 SmartIRC.php(1628) DEBUG_MESSAGEPARSER: ircdata nick: "" ident: "terling.freenode.ne" host: "terling.freenode.net" type: "8192" from: "sterling.freenode.net" channel: "" message: "Welcome to the freenode IRC Network lulubot7740"
May 15 23:49:31 SmartIRC.php(1959) DEBUG_MESSAGEHANDLER: calling internal method "net_smartirc->_event_rpl_welcome" (by numeric)
May 15 23:49:31 messagehandler.php(253) DEBUG_CONNECTION: logged in
May 15 23:49:31 SmartIRC.php(1568) DEBUG_IRCMESSAGES: received: ":sterling.freenode.net 002 lulubot7740 :Your host is sterling.freenode.net[freebsd.widexs.nl/6667], running version dancer-ircd-1.0.35"
May 15 23:49:31 SmartIRC.php(1628) DEBUG_MESSAGEPARSER: ircdata nick: "" ident: "terling.freenode.ne" host: "terling.freenode.net" type: "8192" from: "sterling.freenode.net" channel: "" message: "Your host is sterling.freenode.net[freebsd.widexs.nl/6667], running version dancer-ircd-1.0.35"
May 15 23:49:31 SmartIRC.php(1972) DEBUG_MESSAGEHANDLER: no method found for "002" (event_rpl_yourhost)
May 15 23:49:31 SmartIRC.php(1568) DEBUG_IRCMESSAGES: received: "NOTICE lulubot7740 :*** Your host is sterling.freenode.net[freebsd.widexs.nl/6667], running version dancer-ircd-1.0.35"
May 15 23:49:31 SmartIRC.php(1972) DEBUG_MESSAGEHANDLER: no method found for "NOTICE" (event_notice)
May 15 23:49:31 SmartIRC.php(1568) DEBUG_IRCMESSAGES: received: ":sterling.freenode.net 003 lulubot7740 :This server was cobbled together Sun Feb 15 03:21:33 UTC 2004"
May 15 23:49:31 SmartIRC.php(1628) DEBUG_MESSAGEPARSER: ircdata nick: "" ident: "terling.freenode.ne" host: "terling.freenode.net" type: "8192" from: "sterling.freenode.net" channel: "" message: "This server was cobbled together Sun Feb 15 03:21:33 UTC 2004"
May 15 23:49:31 SmartIRC.php(1972) DEBUG_MESSAGEHANDLER: no method found for "003" (event_rpl_created)
May 15 23:49:31 SmartIRC.php(1568) DEBUG_IRCMESSAGES: received: ":sterling.freenode.net 004 lulubot7740 sterling.freenode.net dancer-ircd-1.0.35 aAbBcCdDeEfFGhHiIjkKlLmMnNopPQrRsStUvVwWxXyYzZ0123459*@ bcdefFhiIklmnoPqstv"
May 15 23:49:31 SmartIRC.php(1628) DEBUG_MESSAGEPARSER: ircdata nick: "" ident: "terling.freenode.ne" host: "terling.freenode.net" type: "8192" from: "sterling.freenode.net" channel: "" message: ""
May 15 23:49:31 SmartIRC.php(1972) DEBUG_MESSAGEHANDLER: no method found for "004" (event_rpl_myinfo)
May 15 23:49:31 SmartIRC.php(1568) DEBUG_IRCMESSAGES: received: ":sterling.freenode.net 005 lulubot7740 MODES=4 CHANLIMIT=#:20 NICKLEN=16 USERLEN=10 HOSTLEN=63 TOPICLEN=450 KICKLEN=450 CHANNELLEN=30 KEYLEN=23 CHANTYPES=# PREFIX=(ov)@+ CASEMAPPING=ascii CAPAB IRCD=dancer :are available on this server"
May 15 23:49:31 SmartIRC.php(1628) DEBUG_MESSAGEPARSER: ircdata nick: "" ident: "terling.freenode.ne" host: "terling.freenode.net" type: "8192" from: "sterling.freenode.net" channel: "" message: "20 NICKLEN=16 USERLEN=10 HOSTLEN=63 TOPICLEN=450 KICKLEN=450 CHANNELLEN=30 KEYLEN=23 CHANTYPES=# PREFIX=(ov)@+ CASEMAPPING=ascii CAPAB IRCD=dancer :are available on this server"
May 15 23:49:31 SmartIRC.php(1972) DEBUG_MESSAGEHANDLER: no method found for "005" (event_rpl_bounce)
May 15 23:49:31 SmartIRC.php(1568) DEBUG_IRCMESSAGES: received: ":sterling.freenode.net 251 lulubot7740 :There are 7778 victims and 8327 hiding on 30 servers"
May 15 23:49:31 SmartIRC.php(1628) DEBUG_MESSAGEPARSER: ircdata nick: "" ident: "terling.freenode.ne" host: "terling.freenode.net" type: "16384" from: "sterling.freenode.net" channel: "" message: "There are 7778 victims and 8327 hiding on 30 servers"
May 15 23:49:31 SmartIRC.php(1972) DEBUG_MESSAGEHANDLER: no method found for "251" (event_rpl_luserclient)
May 15 23:49:31 SmartIRC.php(1568) DEBUG_IRCMESSAGES: received: ":sterling.freenode.net 252 lulubot7740 39 :flagged staff members"
May 15 23:49:31 SmartIRC.php(1628) DEBUG_MESSAGEPARSER: ircdata nick: "" ident: "terling.freenode.ne" host: "terling.freenode.net" type: "16384" from: "sterling.freenode.net" channel: "" message: "flagged staff members"
May 15 23:49:31 SmartIRC.php(1972) DEBUG_MESSAGEHANDLER: no method found for "252" (event_rpl_luserop)
May 15 23:49:31 SmartIRC.php(1568) DEBUG_IRCMESSAGES: received: ":sterling.freenode.net 254 lulubot7740 6338 :channels formed"
May 15 23:49:31 SmartIRC.php(1628) DEBUG_MESSAGEPARSER: ircdata nick: "" ident: "terling.freenode.ne" host: "terling.freenode.net" type: "16384" from: "sterling.freenode.net" channel: "" message: "channels formed"
May 15 23:49:31 SmartIRC.php(1972) DEBUG_MESSAGEHANDLER: no method found for "254" (event_rpl_luserchannels)
May 15 23:49:31 SmartIRC.php(1568) DEBUG_IRCMESSAGES: received: ":sterling.freenode.net 255 lulubot7740 :I have 2488 clients and 0 servers"
May 15 23:49:31 SmartIRC.php(1628) DEBUG_MESSAGEPARSER: ircdata nick: "" ident: "terling.freenode.ne" host: "terling.freenode.net" type: "16384" from: "sterling.freenode.net" channel: "" message: "I have 2488 clients and 0 servers"
May 15 23:49:31 SmartIRC.php(1972) DEBUG_MESSAGEHANDLER: no method found for "255" (event_rpl_luserme)
May 15 23:49:31 SmartIRC.php(1568) DEBUG_IRCMESSAGES: received: ":sterling.freenode.net 265 lulubot7740 :Current local  users: 2488  Max: 2909"
May 15 23:49:31 SmartIRC.php(1854) DEBUG_IRCMESSAGES: replycode UNKNOWN (265): ":sterling.freenode.net 265 lulubot7740 :Current local  users: 2488  Max: 2909"
May 15 23:49:31 SmartIRC.php(1885) DEBUG_MESSAGETYPES: SMARTIRC_TYPE_UNKNOWN!: ":sterling.freenode.net 265 lulubot7740 :Current local  users: 2488  Max: 2909"
May 15 23:49:31 SmartIRC.php(1628) DEBUG_MESSAGEPARSER: ircdata nick: "" ident: "terling.freenode.ne" host: "terling.freenode.net" type: "1" from: "sterling.freenode.net" channel: "" message: "Current local  users: 2488  Max: 2909"
May 15 23:49:31 SmartIRC.php(1943) DEBUG_MESSAGEHANDLER: ignoring unreconzied messagecode! "265"
May 15 23:49:31 SmartIRC.php(1944) DEBUG_MESSAGEHANDLER: this IRC server (irc.freenode.net) doesn't conform to the RFC 2812!
May 15 23:49:31 SmartIRC.php(1568) DEBUG_IRCMESSAGES: received: ":sterling.freenode.net 266 lulubot7740 :Current global users: 16105  Max: 17759"
May 15 23:49:31 SmartIRC.php(1854) DEBUG_IRCMESSAGES: replycode UNKNOWN (266): ":sterling.freenode.net 266 lulubot7740 :Current global users: 16105  Max: 17759"
May 15 23:49:31 SmartIRC.php(1885) DEBUG_MESSAGETYPES: SMARTIRC_TYPE_UNKNOWN!: ":sterling.freenode.net 266 lulubot7740 :Current global users: 16105  Max: 17759"
May 15 23:49:31 SmartIRC.php(1628) DEBUG_MESSAGEPARSER: ircdata nick: "" ident: "terling.freenode.ne" host: "terling.freenode.net" type: "1" from: "sterling.freenode.net" channel: "" message: "Current global users: 16105  Max: 17759"
May 15 23:49:31 SmartIRC.php(1943) DEBUG_MESSAGEHANDLER: ignoring unreconzied messagecode! "266"
May 15 23:49:31 SmartIRC.php(1944) DEBUG_MESSAGEHANDLER: this IRC server (irc.freenode.net) doesn't conform to the RFC 2812!
May 15 23:49:31 SmartIRC.php(1568) DEBUG_IRCMESSAGES: received: ":sterling.freenode.net 250 lulubot7740 :Highest connection count: 2911 (2909 clients) (533225 since server was (re)started)"
May 15 23:49:31 SmartIRC.php(1854) DEBUG_IRCMESSAGES: replycode UNKNOWN (250): ":sterling.freenode.net 250 lulubot7740 :Highest connection count: 2911 (2909 clients) (533225 since server was (re)started)"
May 15 23:49:31 SmartIRC.php(1885) DEBUG_MESSAGETYPES: SMARTIRC_TYPE_UNKNOWN!: ":sterling.freenode.net 250 lulubot7740 :Highest connection count: 2911 (2909 clients) (533225 since server was (re)started)"
May 15 23:49:31 SmartIRC.php(1628) DEBUG_MESSAGEPARSER: ircdata nick: "" ident: "terling.freenode.ne" host: "terling.freenode.net" type: "1" from: "sterling.freenode.net" channel: "" message: "Highest connection count: 2911 (2909 clients) (533225 since server was (re)started)"
May 15 23:49:31 SmartIRC.php(1943) DEBUG_MESSAGEHANDLER: ignoring unreconzied messagecode! "250"
May 15 23:49:31 SmartIRC.php(1944) DEBUG_MESSAGEHANDLER: this IRC server (irc.freenode.net) doesn't conform to the RFC 2812!
May 15 23:49:31 SmartIRC.php(1568) DEBUG_IRCMESSAGES: received: ":sterling.freenode.net 375 lulubot7740 :- sterling.freenode.net Message of the Day - "
May 15 23:49:31 SmartIRC.php(1628) DEBUG_MESSAGEPARSER: ircdata nick: "" ident: "terling.freenode.ne" host: "terling.freenode.net" type: "131072" from: "sterling.freenode.net" channel: "" message: "- sterling.freenode.net Message of the Day - "
May 15 23:49:31 SmartIRC.php(1959) DEBUG_MESSAGEHANDLER: calling internal method "net_smartirc->_event_rpl_motdstart" (by numeric)
May 15 23:49:31 SmartIRC.php(1568) DEBUG_IRCMESSAGES: received: ":sterling.freenode.net 372 lulubot7740 :- Welcome to sterling.freenode.net in Hoofddorp, NL, EU!  Thanks to Chris"
May 15 23:49:31 SmartIRC.php(1628) DEBUG_MESSAGEPARSER: ircdata nick: "" ident: "terling.freenode.ne" host: "terling.freenode.net" type: "131072" from: "sterling.freenode.net" channel: "" message: "- Welcome to sterling.freenode.net in Hoofddorp, NL, EU!  Thanks to Chris"
May 15 23:49:31 SmartIRC.php(1959) DEBUG_MESSAGEHANDLER: calling internal method "net_smartirc->_event_rpl_motd" (by numeric)
May 15 23:49:31 SmartIRC.php(1568) DEBUG_IRCMESSAGES: received: ":sterling.freenode.net 372 lulubot7740 :- Mentjox, Martijn Bakker, Guido Bakker, Peter Bosgraaf and to Cable &"
May 15 23:49:31 SmartIRC.php(1628) DEBUG_MESSAGEPARSER: ircdata nick: "" ident: "terling.freenode.ne" host: "terling.freenode.net" type: "131072" from: "sterling.freenode.net" channel: "" message: "- Mentjox, Martijn Bakker, Guido Bakker, Peter Bosgraaf and to Cable &"
May 15 23:49:31 SmartIRC.php(1959) DEBUG_MESSAGEHANDLER: calling internal method "net_smartirc->_event_rpl_motd" (by numeric)
May 15 23:49:31 SmartIRC.php(1568) DEBUG_IRCMESSAGES: received: ":sterling.freenode.net 372 lulubot7740 :- Wireless for sponsoring this server!"
May 15 23:49:31 SmartIRC.php(1628) DEBUG_MESSAGEPARSER: ircdata nick: "" ident: "terling.freenode.ne" host: "terling.freenode.net" type: "131072" from: "sterling.freenode.net" channel: "" message: "- Wireless for sponsoring this server!"
May 15 23:49:31 SmartIRC.php(1959) DEBUG_MESSAGEHANDLER: calling internal method "net_smartirc->_event_rpl_motd" (by numeric)
May 15 23:49:31 SmartIRC.php(1568) DEBUG_IRCMESSAGES: received: ":sterling.freenode.net 372 lulubot7740 :- "
May 15 23:49:31 SmartIRC.php(1628) DEBUG_MESSAGEPARSER: ircdata nick: "" ident: "terling.freenode.ne" host: "terling.freenode.net" type: "131072" from: "sterling.freenode.net" channel: "" message: "- "
May 15 23:49:31 SmartIRC.php(1959) DEBUG_MESSAGEHANDLER: calling internal method "net_smartirc->_event_rpl_motd" (by numeric)
May 15 23:49:31 SmartIRC.php(1568) DEBUG_IRCMESSAGES: received: ":sterling.freenode.net 372 lulubot7740 :- STERLING, BRUCE, [1954-].  Born in Texas, US, author of Islands in the"
May 15 23:49:31 SmartIRC.php(1628) DEBUG_MESSAGEPARSER: ircdata nick: "" ident: "terling.freenode.ne" host: "terling.freenode.net" type: "131072" from: "sterling.freenode.net" channel: "" message: "- STERLING, BRUCE, [1954-].  Born in Texas, US, author of Islands in the"
May 15 23:49:31 SmartIRC.php(1959) DEBUG_MESSAGEHANDLER: calling internal method "net_smartirc->_event_rpl_motd" (by numeric)
May 15 23:49:31 SmartIRC.php(1568) DEBUG_IRCMESSAGES: received: ":sterling.freenode.net 372 lulubot7740 :- Net, The Hacker Crackdown and numerous other titles, Bruce Sterling is"
May 15 23:49:31 SmartIRC.php(1628) DEBUG_MESSAGEPARSER: ircdata nick: "" ident: "terling.freenode.ne" host: "terling.freenode.net" type: "131072" from: "sterling.freenode.net" channel: "" message: "- Net, The Hacker Crackdown and numerous other titles, Bruce Sterling is"
May 15 23:49:31 SmartIRC.php(1959) DEBUG_MESSAGEHANDLER: calling internal method "net_smartirc->_event_rpl_motd" (by numeric)
May 15 23:49:31 SmartIRC.php(1568) DEBUG_IRCMESSAGES: received: ":sterling.freenode.net 372 lulubot7740 :- an unofficial spokesman for the cyberpunk genre of science fiction.  He"
May 15 23:49:31 SmartIRC.php(1628) DEBUG_MESSAGEPARSER: ircdata nick: "" ident: "terling.freenode.ne" host: "terling.freenode.net" type: "131072" from: "sterling.freenode.net" channel: "" message: "- an unofficial spokesman for the cyberpunk genre of science fiction.  He"
May 15 23:49:31 SmartIRC.php(1959) DEBUG_MESSAGEHANDLER: calling internal method "net_smartirc->_event_rpl_motd" (by numeric)
May 15 23:49:31 SmartIRC.php(1568) DEBUG_IRCMESSAGES: received: ":sterling.freenode.net 372 lulubot7740 :- writes a regular column, Catscan, for SF Eye and lives in Austin, Texas,"
May 15 23:49:31 SmartIRC.php(1628) DEBUG_MESSAGEPARSER: ircdata nick: "" ident: "terling.freenode.ne" host: "terling.freenode.net" type: "131072" from: "sterling.freenode.net" channel: "" message: "- writes a regular column, Catscan, for SF Eye and lives in Austin, Texas,"
May 15 23:49:31 SmartIRC.php(1959) DEBUG_MESSAGEHANDLER: calling internal method "net_smartirc->_event_rpl_motd" (by numeric)
May 15 23:49:31 SmartIRC.php(1568) DEBUG_IRCMESSAGES: received: ":sterling.freenode.net 372 lulubot7740 :- with his wife and daughter."
May 15 23:49:31 SmartIRC.php(1628) DEBUG_MESSAGEPARSER: ircdata nick: "" ident: "terling.freenode.ne" host: "terling.freenode.net" type: "131072" from: "sterling.freenode.net" channel: "" message: "- with his wife and daughter."
May 15 23:49:31 SmartIRC.php(1959) DEBUG_MESSAGEHANDLER: calling internal method "net_smartirc->_event_rpl_motd" (by numeric)
May 15 23:49:31 SmartIRC.php(1568) DEBUG_IRCMESSAGES: received: ":sterling.freenode.net 372 lulubot7740 :- "
May 15 23:49:31 SmartIRC.php(1628) DEBUG_MESSAGEPARSER: ircdata nick: "" ident: "terling.freenode.ne" host: "terling.freenode.net" type: "131072" from: "sterling.freenode.net" channel: "" message: "- "
May 15 23:49:31 SmartIRC.php(1959) DEBUG_MESSAGEHANDLER: calling internal method "net_smartirc->_event_rpl_motd" (by numeric)
May 15 23:49:31 SmartIRC.php(1568) DEBUG_IRCMESSAGES: received: ":sterling.freenode.net 372 lulubot7740 :- The Peer-Directed Projects Center fundraiser is in progress.  PDPC is an IRS"
May 15 23:49:31 SmartIRC.php(1628) DEBUG_MESSAGEPARSER: ircdata nick: "" ident: "terling.freenode.ne" host: "terling.freenode.net" type: "131072" from: "sterling.freenode.net" channel: "" message: "- The Peer-Directed Projects Center fundraiser is in progress.  PDPC is an IRS"
May 15 23:49:31 SmartIRC.php(1959) DEBUG_MESSAGEHANDLER: calling internal method "net_smartirc->_event_rpl_motd" (by numeric)
May 15 23:49:31 SmartIRC.php(1568) DEBUG_IRCMESSAGES: received: ":sterling.freenode.net 372 lulubot7740 :- 501(c)3 (non-profit, tax-exempt) corporation in the United States.  It was"
May 15 23:49:31 SmartIRC.php(1628) DEBUG_MESSAGEPARSER: ircdata nick: "" ident: "terling.freenode.ne" host: "terling.freenode.net" type: "131072" from: "sterling.freenode.net" channel: "" message: "- 501(c)3 (non-profit, tax-exempt) corporation in the United States.  It was"
May 15 23:49:31 SmartIRC.php(1959) DEBUG_MESSAGEHANDLER: calling internal method "net_smartirc->_event_rpl_motd" (by numeric)
May 15 23:49:31 SmartIRC.php(1568) DEBUG_IRCMESSAGES: received: ":sterling.freenode.net 372 lulubot7740 :- set up in 2002 to run freenode, as well as to provide a variety of social"
May 15 23:49:31 SmartIRC.php(1628) DEBUG_MESSAGEPARSER: ircdata nick: "" ident: "terling.freenode.ne" host: "terling.freenode.net" type: "131072" from: "sterling.freenode.net" channel: "" message: "- set up in 2002 to run freenode, as well as to provide a variety of social"
May 15 23:49:31 SmartIRC.php(1959) DEBUG_MESSAGEHANDLER: calling internal method "net_smartirc->_event_rpl_motd" (by numeric)
May 15 23:49:31 SmartIRC.php(1568) DEBUG_IRCMESSAGES: received: ":sterling.freenode.net 372 lulubot7740 :- support services to the FOSS communities and to other, similar,"
May 15 23:49:31 SmartIRC.php(1628) DEBUG_MESSAGEPARSER: ircdata nick: "" ident: "terling.freenode.ne" host: "terling.freenode.net" type: "131072" from: "sterling.freenode.net" channel: "" message: "- support services to the FOSS communities and to other, similar,"
May 15 23:49:31 SmartIRC.php(1959) DEBUG_MESSAGEHANDLER: calling internal method "net_smartirc->_event_rpl_motd" (by numeric)
May 15 23:49:31 SmartIRC.php(1568) DEBUG_IRCMESSAGES: received: ":sterling.freenode.net 372 lulubot7740 :- peer-directed project communities."
May 15 23:49:31 SmartIRC.php(1628) DEBUG_MESSAGEPARSER: ircdata nick: "" ident: "terling.freenode.ne" host: "terling.freenode.net" type: "131072" from: "sterling.freenode.net" channel: "" message: "- peer-directed project communities."
May 15 23:49:31 SmartIRC.php(1959) DEBUG_MESSAGEHANDLER: calling internal method "net_smartirc->_event_rpl_motd" (by numeric)
May 15 23:49:31 SmartIRC.php(1568) DEBUG_IRCMESSAGES: received: ":sterling.freenode.net 372 lulubot7740 :- "
May 15 23:49:31 SmartIRC.php(1628) DEBUG_MESSAGEPARSER: ircdata nick: "" ident: "terling.freenode.ne" host: "terling.freenode.net" type: "131072" from: "sterling.freenode.net" channel: "" message: "- "
May 15 23:49:31 SmartIRC.php(1959) DEBUG_MESSAGEHANDLER: calling internal method "net_smartirc->_event_rpl_motd" (by numeric)
May 15 23:49:31 SmartIRC.php(1568) DEBUG_IRCMESSAGES: received: ":sterling.freenode.net 372 lulubot7740 :- We're in the middle of a fundraiser.  Please help if you can!  There's"
May 15 23:49:31 SmartIRC.php(1628) DEBUG_MESSAGEPARSER: ircdata nick: "" ident: "terling.freenode.ne" host: "terling.freenode.net" type: "131072" from: "sterling.freenode.net" channel: "" message: "- We're in the middle of a fundraiser.  Please help if you can!  There's"
May 15 23:49:31 SmartIRC.php(1959) DEBUG_MESSAGEHANDLER: calling internal method "net_smartirc->_event_rpl_motd" (by numeric)
May 15 23:49:31 SmartIRC.php(1568) DEBUG_IRCMESSAGES: received: ":sterling.freenode.net 372 lulubot7740 :- information on the freenode site (http://freenode.net/pdpc.shtml) and there"
May 15 23:49:31 SmartIRC.php(1628) DEBUG_MESSAGEPARSER: ircdata nick: "" ident: "terling.freenode.ne" host: "terling.freenode.net" type: "131072" from: "sterling.freenode.net" channel: "" message: "- information on the freenode site (http://freenode.net/pdpc.shtml) and there"
May 15 23:49:31 SmartIRC.php(1959) DEBUG_MESSAGEHANDLER: calling internal method "net_smartirc->_event_rpl_motd" (by numeric)
May 15 23:49:31 SmartIRC.php(1568) DEBUG_IRCMESSAGES: received: ":sterling.freenode.net 372 lulubot7740 :- are contrib buttons on the lefthand side of each page"
May 15 23:49:31 SmartIRC.php(1628) DEBUG_MESSAGEPARSER: ircdata nick: "" ident: "terling.freenode.ne" host: "terling.freenode.net" type: "131072" from: "sterling.freenode.net" channel: "" message: "- are contrib buttons on the lefthand side of each page"
May 15 23:49:31 SmartIRC.php(1959) DEBUG_MESSAGEHANDLER: calling internal method "net_smartirc->_event_rpl_motd" (by numeric)
May 15 23:49:31 SmartIRC.php(1568) DEBUG_IRCMESSAGES: received: ":sterling.freenode.net 372 lulubot7740 :- (http://freenode.net/pdpc.shtml#contribute).  Please help the nonprofit and"
May 15 23:49:31 SmartIRC.php(1628) DEBUG_MESSAGEPARSER: ircdata nick: "" ident: "terling.freenode.ne" host: "terling.freenode.net" type: "131072" from: "sterling.freenode.net" channel: "" message: "- (http://freenode.net/pdpc.shtml#contribute).  Please help the nonprofit and"
May 15 23:49:31 SmartIRC.php(1959) DEBUG_MESSAGEHANDLER: calling internal method "net_smartirc->_event_rpl_motd" (by numeric)
May 15 23:49:31 SmartIRC.php(1568) DEBUG_IRCMESSAGES: received: ":sterling.freenode.net 372 lulubot7740 :- the network grow!"
May 15 23:49:31 SmartIRC.php(1628) DEBUG_MESSAGEPARSER: ircdata nick: "" ident: "terling.freenode.ne" host: "terling.freenode.net" type: "131072" from: "sterling.freenode.net" channel: "" message: "- the network grow!"
May 15 23:49:31 SmartIRC.php(1959) DEBUG_MESSAGEHANDLER: calling internal method "net_smartirc->_event_rpl_motd" (by numeric)
May 15 23:49:31 SmartIRC.php(1568) DEBUG_IRCMESSAGES: received: ":sterling.freenode.net 372 lulubot7740 :- "
May 15 23:49:31 SmartIRC.php(1628) DEBUG_MESSAGEPARSER: ircdata nick: "" ident: "terling.freenode.ne" host: "terling.freenode.net" type: "131072" from: "sterling.freenode.net" channel: "" message: "- "
May 15 23:49:31 SmartIRC.php(1959) DEBUG_MESSAGEHANDLER: calling internal method "net_smartirc->_event_rpl_motd" (by numeric)
May 15 23:49:31 SmartIRC.php(1568) DEBUG_IRCMESSAGES: received: ":sterling.freenode.net 372 lulubot7740 :- Freenode runs an open proxy scanner, (www.blitzed.org/bopm), as described on"
May 15 23:49:31 SmartIRC.php(1628) DEBUG_MESSAGEPARSER: ircdata nick: "" ident: "terling.freenode.ne" host: "terling.freenode.net" type: "131072" from: "sterling.freenode.net" channel: "" message: "- Freenode runs an open proxy scanner, (www.blitzed.org/bopm), as described on"
May 15 23:49:31 SmartIRC.php(1959) DEBUG_MESSAGEHANDLER: calling internal method "net_smartirc->_event_rpl_motd" (by numeric)
May 15 23:49:31 SmartIRC.php(1568) DEBUG_IRCMESSAGES: received: ":sterling.freenode.net 372 lulubot7740 :- our policy page (http://freenode.net/policies.shtml#proxies).  Your use of"
May 15 23:49:31 SmartIRC.php(1628) DEBUG_MESSAGEPARSER: ircdata nick: "" ident: "terling.freenode.ne" host: "terling.freenode.net" type: "131072" from: "sterling.freenode.net" channel: "" message: "- our policy page (http://freenode.net/policies.shtml#proxies).  Your use of"
May 15 23:49:31 SmartIRC.php(1959) DEBUG_MESSAGEHANDLER: calling internal method "net_smartirc->_event_rpl_motd" (by numeric)
May 15 23:49:31 SmartIRC.php(1568) DEBUG_IRCMESSAGES: received: ":sterling.freenode.net 372 lulubot7740 :- the network indicates your acceptance of this policy.  For your convenience,"
May 15 23:49:31 SmartIRC.php(1628) DEBUG_MESSAGEPARSER: ircdata nick: "" ident: "terling.freenode.ne" host: "terling.freenode.net" type: "131072" from: "sterling.freenode.net" channel: "" message: "- the network indicates your acceptance of this policy.  For your convenience,"
May 15 23:49:31 SmartIRC.php(1959) DEBUG_MESSAGEHANDLER: calling internal method "net_smartirc->_event_rpl_motd" (by numeric)
May 15 23:49:31 SmartIRC.php(1568) DEBUG_IRCMESSAGES: received: ":sterling.freenode.net 372 lulubot7740 :- reverse DNS for servers running the scanner return the hostname"
May 15 23:49:31 SmartIRC.php(1628) DEBUG_MESSAGEPARSER: ircdata nick: "" ident: "terling.freenode.ne" host: "terling.freenode.net" type: "131072" from: "sterling.freenode.net" channel: "" message: "- reverse DNS for servers running the scanner return the hostname"
May 15 23:49:31 SmartIRC.php(1959) DEBUG_MESSAGEHANDLER: calling internal method "net_smartirc->_event_rpl_motd" (by numeric)
May 15 23:49:31 SmartIRC.php(1568) DEBUG_IRCMESSAGES: received: ":sterling.freenode.net 372 lulubot7740 :- "freenode-proxyscanner.acc.umu.se"."
May 15 23:49:31 SmartIRC.php(1628) DEBUG_MESSAGEPARSER: ircdata nick: "" ident: "terling.freenode.ne" host: "terling.freenode.net" type: "131072" from: "sterling.freenode.net" channel: "" message: "- "freenode-proxyscanner.acc.umu.se"."
May 15 23:49:31 SmartIRC.php(1959) DEBUG_MESSAGEHANDLER: calling internal method "net_smartirc->_event_rpl_motd" (by numeric)
May 15 23:49:31 SmartIRC.php(1568) DEBUG_IRCMESSAGES: received: ":sterling.freenode.net 372 lulubot7740 :- "
May 15 23:49:31 SmartIRC.php(1628) DEBUG_MESSAGEPARSER: ircdata nick: "" ident: "terling.freenode.ne" host: "terling.freenode.net" type: "131072" from: "sterling.freenode.net" channel: "" message: "- "
May 15 23:49:31 SmartIRC.php(1959) DEBUG_MESSAGEHANDLER: calling internal method "net_smartirc->_event_rpl_motd" (by numeric)
May 15 23:49:31 SmartIRC.php(1568) DEBUG_IRCMESSAGES: received: ":sterling.freenode.net 372 lulubot7740 :- For network policy information, please see our policy page"
May 15 23:49:31 SmartIRC.php(1628) DEBUG_MESSAGEPARSER: ircdata nick: "" ident: "terling.freenode.ne" host: "terling.freenode.net" type: "131072" from: "sterling.freenode.net" channel: "" message: "- For network policy information, please see our policy page"
May 15 23:49:31 SmartIRC.php(1959) DEBUG_MESSAGEHANDLER: calling internal method "net_smartirc->_event_rpl_motd" (by numeric)
May 15 23:49:31 SmartIRC.php(1568) DEBUG_IRCMESSAGES: received: ":sterling.freenode.net 372 lulubot7740 :- (http://freenode.net/policy.shtml). Thank you for using the network!"
May 15 23:49:31 SmartIRC.php(1628) DEBUG_MESSAGEPARSER: ircdata nick: "" ident: "terling.freenode.ne" host: "terling.freenode.net" type: "131072" from: "sterling.freenode.net" channel: "" message: "- (http://freenode.net/policy.shtml). Thank you for using the network!"
May 15 23:49:31 SmartIRC.php(1959) DEBUG_MESSAGEHANDLER: calling internal method "net_smartirc->_event_rpl_motd" (by numeric)
May 15 23:49:31 SmartIRC.php(1568) DEBUG_IRCMESSAGES: received: ":sterling.freenode.net 372 lulubot7740 :- "
May 15 23:49:31 SmartIRC.php(1628) DEBUG_MESSAGEPARSER: ircdata nick: "" ident: "terling.freenode.ne" host: "terling.freenode.net" type: "131072" from: "sterling.freenode.net" channel: "" message: "- "
May 15 23:49:31 SmartIRC.php(1959) DEBUG_MESSAGEHANDLER: calling internal method "net_smartirc->_event_rpl_motd" (by numeric)
May 15 23:49:31 SmartIRC.php(1568) DEBUG_IRCMESSAGES: received: ":sterling.freenode.net 376 lulubot7740 :End of /MOTD command."
May 15 23:49:31 SmartIRC.php(1628) DEBUG_MESSAGEPARSER: ircdata nick: "" ident: "terling.freenode.ne" host: "terling.freenode.net" type: "131072" from: "sterling.freenode.net" channel: "" message: "End of /MOTD command."
May 15 23:49:31 SmartIRC.php(1959) DEBUG_MESSAGEHANDLER: calling internal method "net_smartirc->_event_rpl_endofmotd" (by numeric)
May 15 23:49:31 SmartIRC.php(1495) DEBUG_IRCMESSAGES: sent: "JOIN #lulubot"
May 15 23:49:31 SmartIRC.php(1568) DEBUG_IRCMESSAGES: received: ":lulubot7740!~LuluBot@APh-Aug-108-1-2-147.w81-50.abo.wanadoo.fr JOIN :#lulubot"
May 15 23:49:31 SmartIRC.php(1628) DEBUG_MESSAGEPARSER: ircdata nick: "lulubot7740" ident: "~LuluBot" host: "APh-Aug-108-1-2-147.w81-50.abo.wanadoo.fr" type: "64" from: "lulubot7740!~LuluBot@APh-Aug-108-1-2-147.w81-50.abo.wanadoo.fr" channel: "#lulubot" message: "#lulubot"
May 15 23:49:31 SmartIRC.php(1959) DEBUG_MESSAGEHANDLER: calling internal method "net_smartirc->_event_join" (by string)
May 15 23:49:31 messagehandler.php(48) DEBUG_CHANNELSYNCING: joining channel: #lulubot
May 15 23:49:31 messagehandler.php(58) DEBUG_CHANNELSYNCING: lulubot7740 joins channel: #lulubot
May 15 23:49:31 SmartIRC.php(2075) DEBUG_CHANNELSYNCING: adding user: lulubot7740 to channel: #lulubot
May 15 23:49:31 SmartIRC.php(1999) DEBUG_ACTIONHANDLER: actionhandler match found for id: 10 type: 64 message: "#lulubot" regex: "/.*/"
May 15 23:49:31 SmartIRC.php(2005) DEBUG_ACTIONHANDLER: calling method "lulubot->log2file"
May 15 23:49:31 SmartIRC.php(1568) DEBUG_IRCMESSAGES: received: ":sterling.freenode.net 332 lulubot7740 #lulubot :hahaha"
May 15 23:49:31 SmartIRC.php(1628) DEBUG_MESSAGEPARSER: ircdata nick: "" ident: "terling.freenode.ne" host: "terling.freenode.net" type: "4194304" from: "sterling.freenode.net" channel: "#lulubot" message: "hahaha"
May 15 23:49:31 SmartIRC.php(1959) DEBUG_MESSAGEHANDLER: calling internal method "net_smartirc->_event_rpl_topic" (by numeric)
May 15 23:49:31 SmartIRC.php(1568) DEBUG_IRCMESSAGES: received: ":sterling.freenode.net 333 lulubot7740 #lulubot zoooddd 1084460714"
May 15 23:49:31 SmartIRC.php(1854) DEBUG_IRCMESSAGES: replycode UNKNOWN (333): ":sterling.freenode.net 333 lulubot7740 #lulubot zoooddd 1084460714"
May 15 23:49:31 SmartIRC.php(1885) DEBUG_MESSAGETYPES: SMARTIRC_TYPE_UNKNOWN!: ":sterling.freenode.net 333 lulubot7740 #lulubot zoooddd 1084460714"
May 15 23:49:31 SmartIRC.php(1628) DEBUG_MESSAGEPARSER: ircdata nick: "" ident: "terling.freenode.ne" host: "terling.freenode.net" type: "1" from: "sterling.freenode.net" channel: "" message: ""
May 15 23:49:31 SmartIRC.php(1943) DEBUG_MESSAGEHANDLER: ignoring unreconzied messagecode! "333"
May 15 23:49:31 SmartIRC.php(1944) DEBUG_MESSAGEHANDLER: this IRC server (irc.freenode.net) doesn't conform to the RFC 2812!
May 15 23:49:31 SmartIRC.php(1568) DEBUG_IRCMESSAGES: received: ":sterling.freenode.net 353 lulubot7740 = #lulubot :lulubot7740 lulub334 mose "
May 15 23:49:31 SmartIRC.php(1628) DEBUG_MESSAGEPARSER: ircdata nick: "" ident: "terling.freenode.ne" host: "terling.freenode.net" type: "65536" from: "sterling.freenode.net" channel: "#lulubot" message: "lulubot7740 lulub334 mose "
May 15 23:49:31 SmartIRC.php(1959) DEBUG_MESSAGEHANDLER: calling internal method "net_smartirc->_event_rpl_namreply" (by numeric)
May 15 23:49:31 SmartIRC.php(2042) DEBUG_CHANNELSYNCING: updating user: lulubot7740 on channel: #lulubot
May 15 23:49:31 SmartIRC.php(2075) DEBUG_CHANNELSYNCING: adding user: lulub334 to channel: #lulubot
May 15 23:49:31 SmartIRC.php(2075) DEBUG_CHANNELSYNCING: adding user: mose to channel: #lulubot
May 15 23:49:31 SmartIRC.php(1568) DEBUG_IRCMESSAGES: received: ":sterling.freenode.net 366 lulubot7740 #lulubot :End of /NAMES list."
May 15 23:49:31 SmartIRC.php(1628) DEBUG_MESSAGEPARSER: ircdata nick: "" ident: "terling.freenode.ne" host: "terling.freenode.net" type: "65536" from: "sterling.freenode.net" channel: "End" message: "End of /NAMES list."
May 15 23:49:31 SmartIRC.php(1972) DEBUG_MESSAGEHANDLER: no method found for "366" (event_rpl_endofnames)
May 15 23:49:32 SmartIRC.php(1495) DEBUG_IRCMESSAGES: sent: "WHO #lulubot"
May 15 23:49:32 SmartIRC.php(1568) DEBUG_IRCMESSAGES: received: ":sterling.freenode.net 352 lulubot7740 #lulubot ~LuluBot APh-Aug-108-1-2-147.w81-50.abo.wanadoo.fr irc.freenode.net lulubot7740 H :0 LuluBot $Version$ from SmartIrc 0.5.5 ($Revision:"
May 15 23:49:32 SmartIRC.php(1628) DEBUG_MESSAGEPARSER: ircdata nick: "" ident: "terling.freenode.ne" host: "terling.freenode.net" type: "32" from: "sterling.freenode.net" channel: "#lulubot" message: "0 LuluBot $Version$ from SmartIrc 0.5.5 ($Revision:"
May 15 23:49:32 SmartIRC.php(1959) DEBUG_MESSAGEHANDLER: calling internal method "net_smartirc->_event_rpl_whoreply" (by numeric)
May 15 23:49:32 SmartIRC.php(2042) DEBUG_CHANNELSYNCING: updating user: lulubot7740 on channel: #lulubot
May 15 23:49:32 SmartIRC.php(1568) DEBUG_IRCMESSAGES: received: ":sterling.freenode.net 352 lulubot7740 #lulubot ~LuluBot dsl093-240-094.ral1.dsl.speakeasy.net irc.freenode.net lulub334 H :0 LuluBot $Version$ from SmartIrc 0.5.5 ($Revision:"
May 15 23:49:32 SmartIRC.php(1628) DEBUG_MESSAGEPARSER: ircdata nick: "" ident: "terling.freenode.ne" host: "terling.freenode.net" type: "32" from: "sterling.freenode.net" channel: "#lulubot" message: "0 LuluBot $Version$ from SmartIrc 0.5.5 ($Revision:"
May 15 23:49:32 SmartIRC.php(1959) DEBUG_MESSAGEHANDLER: calling internal method "net_smartirc->_event_rpl_whoreply" (by numeric)
May 15 23:49:32 SmartIRC.php(2042) DEBUG_CHANNELSYNCING: updating user: lulub334 on channel: #lulubot
May 15 23:49:32 SmartIRC.php(1568) DEBUG_IRCMESSAGES: received: ":sterling.freenode.net 352 lulubot7740 #lulubot mose mose.tikiwiki irc.freenode.net mose H :0 zom"
May 15 23:49:32 SmartIRC.php(1628) DEBUG_MESSAGEPARSER: ircdata nick: "" ident: "terling.freenode.ne" host: "terling.freenode.net" type: "32" from: "sterling.freenode.net" channel: "#lulubot" message: "0 zom"
May 15 23:49:32 SmartIRC.php(1959) DEBUG_MESSAGEHANDLER: calling internal method "net_smartirc->_event_rpl_whoreply" (by numeric)
May 15 23:49:32 SmartIRC.php(2042) DEBUG_CHANNELSYNCING: updating user: mose on channel: #lulubot
May 15 23:49:32 SmartIRC.php(1568) DEBUG_IRCMESSAGES: received: ":sterling.freenode.net 315 lulubot7740 #lulubot :End of /WHO list."
May 15 23:49:32 SmartIRC.php(1628) DEBUG_MESSAGEPARSER: ircdata nick: "" ident: "terling.freenode.ne" host: "terling.freenode.net" type: "32" from: "sterling.freenode.net" channel: "#lulubot" message: "End of /WHO list."
May 15 23:49:32 SmartIRC.php(1972) DEBUG_MESSAGEHANDLER: no method found for "315" (event_rpl_endofwho)
May 15 23:49:32 SmartIRC.php(1495) DEBUG_IRCMESSAGES: sent: "MODE #lulubot"
May 15 23:49:33 SmartIRC.php(1568) DEBUG_IRCMESSAGES: received: ":sterling.freenode.net 324 lulubot7740 #lulubot +n "
May 15 23:49:33 SmartIRC.php(1628) DEBUG_MESSAGEPARSER: ircdata nick: "" ident: "terling.freenode.ne" host: "terling.freenode.net" type: "134217728" from: "sterling.freenode.net" channel: "#lulubot" message: ""
May 15 23:49:33 SmartIRC.php(1959) DEBUG_MESSAGEHANDLER: calling internal method "net_smartirc->_event_rpl_channelmodeis" (by numeric)
May 15 23:49:33 messagehandler.php(139) DEBUG_CHANNELSYNCING: updating channel mode for: #lulubot
May 15 23:49:33 messagehandler.php(210) DEBUG_CHANNELSYNCING: storing unknown channelmode (+n) in channel->mode for: #lulubot
May 15 23:49:33 SmartIRC.php(1568) DEBUG_IRCMESSAGES: received: ":sterling.freenode.net 329 lulubot7740 #lulubot 1084350990"
May 15 23:49:33 SmartIRC.php(1854) DEBUG_IRCMESSAGES: replycode UNKNOWN (329): ":sterling.freenode.net 329 lulubot7740 #lulubot 1084350990"
May 15 23:49:33 SmartIRC.php(1885) DEBUG_MESSAGETYPES: SMARTIRC_TYPE_UNKNOWN!: ":sterling.freenode.net 329 lulubot7740 #lulubot 1084350990"
May 15 23:49:33 SmartIRC.php(1628) DEBUG_MESSAGEPARSER: ircdata nick: "" ident: "terling.freenode.ne" host: "terling.freenode.net" type: "1" from: "sterling.freenode.net" channel: "" message: ""
May 15 23:49:33 SmartIRC.php(1943) DEBUG_MESSAGEHANDLER: ignoring unreconzied messagecode! "329"
May 15 23:49:33 SmartIRC.php(1944) DEBUG_MESSAGEHANDLER: this IRC server (irc.freenode.net) doesn't conform to the RFC 2812!
May 15 23:49:33 SmartIRC.php(1495) DEBUG_IRCMESSAGES: sent: "MODE #lulubot b"
May 15 23:49:33 SmartIRC.php(1568) DEBUG_IRCMESSAGES: received: ":sterling.freenode.net 368 lulubot7740 #lulubot :End of Channel Ban List"
May 15 23:49:33 SmartIRC.php(1628) DEBUG_MESSAGEPARSER: ircdata nick: "" ident: "terling.freenode.ne" host: "terling.freenode.net" type: "2097152" from: "sterling.freenode.net" channel: "#lulubot" message: "End of Channel Ban List"
May 15 23:49:33 SmartIRC.php(1972) DEBUG_MESSAGEHANDLER: no method found for "368" (event_rpl_endofbanlist)
May 15 23:49:34 SmartIRC.php(1495) DEBUG_IRCMESSAGES: sent: "WHO lulubot7740"
May 15 23:49:34 SmartIRC.php(1568) DEBUG_IRCMESSAGES: received: ":sterling.freenode.net 352 lulubot7740 #lulubot ~LuluBot APh-Aug-108-1-2-147.w81-50.abo.wanadoo.fr irc.freenode.net lulubot7740 H :0 LuluBot $Version$ from SmartIrc 0.5.5 ($Revision:"
May 15 23:49:34 SmartIRC.php(1628) DEBUG_MESSAGEPARSER: ircdata nick: "" ident: "terling.freenode.ne" host: "terling.freenode.net" type: "32" from: "sterling.freenode.net" channel: "#lulubot" message: "0 LuluBot $Version$ from SmartIrc 0.5.5 ($Revision:"
May 15 23:49:34 SmartIRC.php(1959) DEBUG_MESSAGEHANDLER: calling internal method "net_smartirc->_event_rpl_whoreply" (by numeric)
May 15 23:49:34 SmartIRC.php(2042) DEBUG_CHANNELSYNCING: updating user: lulubot7740 on channel: #lulubot
May 15 23:49:34 SmartIRC.php(1568) DEBUG_IRCMESSAGES: received: ":sterling.freenode.net 315 lulubot7740 lulubot7740 :End of /WHO list."
May 15 23:49:34 SmartIRC.php(1628) DEBUG_MESSAGEPARSER: ircdata nick: "" ident: "terling.freenode.ne" host: "terling.freenode.net" type: "32" from: "sterling.freenode.net" channel: "lulubot7740" message: "End of /WHO list."
May 15 23:49:34 SmartIRC.php(1972) DEBUG_MESSAGEHANDLER: no method found for "315" (event_rpl_endofwho)
May 15 23:50:20 SmartIRC.php(1568) DEBUG_IRCMESSAGES: received: ":mose!mose@mose.tikiwiki PRIVMSG #lulubot :,w word"
May 15 23:50:20 SmartIRC.php(1628) DEBUG_MESSAGEPARSER: ircdata nick: "mose" ident: "mose" host: "mose.tikiwiki" type: "2" from: "mose!mose@mose.tikiwiki" channel: "#lulubot" message: ",w word"
May 15 23:50:20 SmartIRC.php(1959) DEBUG_MESSAGEHANDLER: calling internal method "net_smartirc->_event_privmsg" (by string)
May 15 23:50:20 SmartIRC.php(1999) DEBUG_ACTIONHANDLER: actionhandler match found for id: 8 type: 2 message: ",w word" regex: "/^,w /"
May 15 23:50:20 SmartIRC.php(2005) DEBUG_ACTIONHANDLER: calling method "thesaurus->thes"
May 15 23:50:22 unknown(0) DEBUG_MODULES: thesaurus (mose on #lulubot) thes for word
May 15 23:50:22 SmartIRC.php(1495) DEBUG_IRCMESSAGES: sent: "PRIVMSG #lulubot :mose: nbsp;&nbsp;passwordFunction:&nbsp;&nbsp;nounDefinition:&nbsp;&nbsp;secret wordSynonyms:&nbsp;&nbsp;countersign, identification, key, key word, open sesame, parole, phrase, signal, ticket, watchword, wordConcept:&nbsp;&nbsp;information"
May 15 23:50:22 SmartIRC.php(1568) DEBUG_IRCMESSAGES: received: ":sterling.freenode.net 421 lulubot7740 Function:&nbsp;&nbsp;noun :Unknown command"
May 15 23:50:22 SmartIRC.php(1854) DEBUG_IRCMESSAGES: replycode UNKNOWN (421): ":sterling.freenode.net 421 lulubot7740 Function:&nbsp;&nbsp;noun :Unknown command"
May 15 23:50:22 SmartIRC.php(1885) DEBUG_MESSAGETYPES: SMARTIRC_TYPE_UNKNOWN!: ":sterling.freenode.net 421 lulubot7740 Function:&nbsp;&nbsp;noun :Unknown command"
May 15 23:50:22 SmartIRC.php(1628) DEBUG_MESSAGEPARSER: ircdata nick: "" ident: "terling.freenode.ne" host: "terling.freenode.net" type: "1" from: "sterling.freenode.net" channel: "" message: "&nbsp;&nbsp;noun :Unknown command"
May 15 23:50:22 SmartIRC.php(1972) DEBUG_MESSAGEHANDLER: no method found for "421" (event_err_unknowncommand)
May 15 23:50:22 SmartIRC.php(1568) DEBUG_IRCMESSAGES: received: ":sterling.freenode.net 421 lulubot7740 Definition:&nbsp;&nbsp;secret :Unknown command"
May 15 23:50:22 SmartIRC.php(1854) DEBUG_IRCMESSAGES: replycode UNKNOWN (421): ":sterling.freenode.net 421 lulubot7740 Definition:&nbsp;&nbsp;secret :Unknown command"
May 15 23:50:22 SmartIRC.php(1885) DEBUG_MESSAGETYPES: SMARTIRC_TYPE_UNKNOWN!: ":sterling.freenode.net 421 lulubot7740 Definition:&nbsp;&nbsp;secret :Unknown command"
May 15 23:50:22 SmartIRC.php(1628) DEBUG_MESSAGEPARSER: ircdata nick: "" ident: "terling.freenode.ne" host: "terling.freenode.net" type: "1" from: "sterling.freenode.net" channel: "" message: "&nbsp;&nbsp;secret :Unknown command"
May 15 23:50:22 SmartIRC.php(1972) DEBUG_MESSAGEHANDLER: no method found for "421" (event_err_unknowncommand)
May 15 23:50:22 SmartIRC.php(1568) DEBUG_IRCMESSAGES: received: ":sterling.freenode.net 421 lulubot7740 Synonyms:&nbsp;&nbsp;countersign, :Unknown command"
May 15 23:50:22 SmartIRC.php(1854) DEBUG_IRCMESSAGES: replycode UNKNOWN (421): ":sterling.freenode.net 421 lulubot7740 Synonyms:&nbsp;&nbsp;countersign, :Unknown command"
May 15 23:50:22 SmartIRC.php(1885) DEBUG_MESSAGETYPES: SMARTIRC_TYPE_UNKNOWN!: ":sterling.freenode.net 421 lulubot7740 Synonyms:&nbsp;&nbsp;countersign, :Unknown command"
May 15 23:50:22 SmartIRC.php(1628) DEBUG_MESSAGEPARSER: ircdata nick: "" ident: "terling.freenode.ne" host: "terling.freenode.net" type: "1" from: "sterling.freenode.net" channel: "" message: "&nbsp;&nbsp;countersign, :Unknown command"
May 15 23:50:22 SmartIRC.php(1972) DEBUG_MESSAGEHANDLER: no method found for "421" (event_err_unknowncommand)
May 15 23:50:22 SmartIRC.php(1568) DEBUG_IRCMESSAGES: received: ":sterling.freenode.net 421 lulubot7740 Concept:&nbsp;&nbsp;information :Unknown command"
May 15 23:50:22 SmartIRC.php(1854) DEBUG_IRCMESSAGES: replycode UNKNOWN (421): ":sterling.freenode.net 421 lulubot7740 Concept:&nbsp;&nbsp;information :Unknown command"
May 15 23:50:22 SmartIRC.php(1885) DEBUG_MESSAGETYPES: SMARTIRC_TYPE_UNKNOWN!: ":sterling.freenode.net 421 lulubot7740 Concept:&nbsp;&nbsp;information :Unknown command"
May 15 23:50:22 SmartIRC.php(1628) DEBUG_MESSAGEPARSER: ircdata nick: "" ident: "terling.freenode.ne" host: "terling.freenode.net" type: "1" from: "sterling.freenode.net" channel: "" message: "&nbsp;&nbsp;information :Unknown command"
May 15 23:50:22 SmartIRC.php(1972) DEBUG_MESSAGEHANDLER: no method found for "421" (event_err_unknowncommand)
